2019-01-03 16:45:19.020 [main] INFO  com.molice.springbootactiviti.DemoApplication - Starting DemoApplication on molice with PID 7356 (F:\project_code\springboot-activiti\target\classes started by Administrator in F:\project_code\springboot-activiti)
2019-01-03 16:45:19.025 [main] INFO  com.molice.springbootactiviti.DemoApplication - No active profile set, falling back to default profiles: default
2019-01-03 16:45:19.098 [main] INFO  o.s.b.c.e.AnnotationConfigEmbeddedWebApplicationContext - Refreshing org.springframework.boot.context.embedded.AnnotationConfigEmbeddedWebApplicationContext@ec2cc4: startup date [Thu Jan 03 16:45:19 CST 2019]; root of context hierarchy
2019-01-03 16:45:19.298 [background-preinit] INFO  org.hibernate.validator.internal.util.Version - HV000001: Hibernate Validator 5.3.6.Final
2019-01-03 16:45:19.949 [main] INFO  o.s.b.factory.support.DefaultListableBeanFactory - Overriding bean definition for bean 'statFilter' with a different definition: replacing [Root bean: class [null]; scope=; abstract=false; lazyInit=false; autowireMode=3; dependencyCheck=0; autowireCandidate=true; primary=false; factoryBeanName=druidConfiguration; factoryMethodName=statFilter; initMethodName=null; destroyMethodName=(inferred); defined in class path resource [com/molice/springbootactiviti/config/DruidConfiguration.class]] with [Root bean: class [null]; scope=; abstract=false; lazyInit=false; autowireMode=3; dependencyCheck=0; autowireCandidate=true; primary=false; factoryBeanName=com.alibaba.druid.spring.boot.autoconfigure.stat.DruidFilterConfiguration; factoryMethodName=statFilter; initMethodName=null; destroyMethodName=(inferred); defined in class path resource [com/alibaba/druid/spring/boot/autoconfigure/stat/DruidFilterConfiguration.class]]
2019-01-03 16:45:21.030 [main] INFO  o.s.b.c.e.tomcat.TomcatEmbeddedServletContainer - Tomcat initialized with port(s): 8080 (http)
2019-01-03 16:45:21.057 [main] INFO  org.apache.coyote.http11.Http11NioProtocol - Initializing ProtocolHandler ["http-nio-8080"]
2019-01-03 16:45:21.074 [main] INFO  org.apache.catalina.core.StandardService - Starting service [Tomcat]
2019-01-03 16:45:21.074 [main] INFO  org.apache.catalina.core.StandardEngine - Starting Servlet Engine: Apache Tomcat/8.5.31
2019-01-03 16:45:21.214 [localhost-startStop-1] INFO  o.a.c.core.ContainerBase.[Tomcat].[localhost].[/] - Initializing Spring embedded WebApplicationContext
2019-01-03 16:45:21.215 [localhost-startStop-1] INFO  org.springframework.web.context.ContextLoader - Root WebApplicationContext: initialization completed in 2118 ms
2019-01-03 16:45:21.625 [localhost-startStop-1] INFO  o.s.boot.web.servlet.FilterRegistrationBean - Mapping filter: 'characterEncodingFilter' to: [/*]
2019-01-03 16:45:21.626 [localhost-startStop-1] INFO  o.s.boot.web.servlet.FilterRegistrationBean - Mapping filter: 'hiddenHttpMethodFilter' to: [/*]
2019-01-03 16:45:21.627 [localhost-startStop-1] INFO  o.s.boot.web.servlet.FilterRegistrationBean - Mapping filter: 'httpPutFormContentFilter' to: [/*]
2019-01-03 16:45:21.627 [localhost-startStop-1] INFO  o.s.boot.web.servlet.FilterRegistrationBean - Mapping filter: 'requestContextFilter' to: [/*]
2019-01-03 16:45:21.628 [localhost-startStop-1] INFO  o.s.b.w.s.DelegatingFilterProxyRegistrationBean - Mapping filter: 'springSecurityFilterChain' to: [/*]
2019-01-03 16:45:21.629 [localhost-startStop-1] INFO  o.s.boot.web.servlet.FilterRegistrationBean - Mapping filter: 'webStatFilter' to urls: [/*]
2019-01-03 16:45:21.629 [localhost-startStop-1] INFO  o.s.boot.web.servlet.ServletRegistrationBean - Mapping servlet: 'statViewServlet' to [/druid/*]
2019-01-03 16:45:21.631 [localhost-startStop-1] INFO  o.s.boot.web.servlet.ServletRegistrationBean - Mapping servlet: 'dispatcherServlet' to [/]
2019-01-03 16:45:21.631 [localhost-startStop-1] INFO  o.s.boot.web.servlet.ServletRegistrationBean - Mapping servlet: 'statViewServlet' to [/druid/*]
2019-01-03 16:45:21.631 [localhost-startStop-1] INFO  o.s.boot.web.servlet.ServletRegistrationBean - Servlet statViewServlet was not registered (possibly already registered?)
2019-01-03 16:45:23.565 [main] INFO  com.alibaba.druid.pool.DruidDataSource - {dataSource-1} inited
2019-01-03 16:45:23.963 [main] INFO  org.activiti.engine.impl.ProcessEngineImpl - ProcessEngine default created
2019-01-03 16:45:24.836 [main] INFO  o.s.w.s.m.m.a.RequestMappingHandlerAdapter - Looking for @ControllerAdvice: org.springframework.boot.context.embedded.AnnotationConfigEmbeddedWebApplicationContext@ec2cc4: startup date [Thu Jan 03 16:45:19 CST 2019]; root of context hierarchy
2019-01-03 16:45:24.922 [main] INFO  o.s.w.s.m.m.a.RequestMappingHandlerMapping - Mapped "{[/test],methods=[GET]}" onto public java.lang.Object com.molice.springbootactiviti.controller.TestController.test()
2019-01-03 16:45:24.927 [main] INFO  o.s.w.s.m.m.a.RequestMappingHandlerMapping - Mapped "{[/error]}" onto public org.springframework.http.ResponseEntity<java.util.Map<java.lang.String, java.lang.Object>> org.springframework.boot.autoconfigure.web.BasicErrorController.error(javax.servlet.http.HttpServletRequest)
2019-01-03 16:45:24.928 [main] INFO  o.s.w.s.m.m.a.RequestMappingHandlerMapping - Mapped "{[/error],produces=[text/html]}" onto public org.springframework.web.servlet.ModelAndView org.springframework.boot.autoconfigure.web.BasicErrorController.errorHtml(javax.servlet.http.HttpServletRequest,javax.servlet.http.HttpServletResponse)
2019-01-03 16:45:24.971 [main] INFO  o.s.web.servlet.handler.SimpleUrlHandlerMapping - Mapped URL path [/webjars/**] onto handler of type [class org.springframework.web.servlet.resource.ResourceHttpRequestHandler]
2019-01-03 16:45:24.971 [main] INFO  o.s.web.servlet.handler.SimpleUrlHandlerMapping - Mapped URL path [/**] onto handler of type [class org.springframework.web.servlet.resource.ResourceHttpRequestHandler]
2019-01-03 16:45:25.033 [main] INFO  o.s.web.servlet.handler.SimpleUrlHandlerMapping - Mapped URL path [/**/favicon.ico] onto handler of type [class org.springframework.web.servlet.resource.ResourceHttpRequestHandler]
2019-01-03 16:45:25.609 [main] INFO  o.s.security.web.DefaultSecurityFilterChain - Creating filter chain: OrRequestMatcher [requestMatchers=[Ant [pattern='/css/**'], Ant [pattern='/js/**'], Ant [pattern='/images/**'], Ant [pattern='/webjars/**'], Ant [pattern='/**/favicon.ico'], Ant [pattern='/error']]], []
2019-01-03 16:45:25.768 [main] INFO  o.s.security.web.DefaultSecurityFilterChain - Creating filter chain: OrRequestMatcher [requestMatchers=[Ant [pattern='/**']]], [org.springframework.security.web.context.request.async.WebAsyncManagerIntegrationFilter@18f8ebd4, org.springframework.security.web.context.SecurityContextPersistenceFilter@306c9b2c, org.springframework.security.web.header.HeaderWriterFilter@3b576ee3, org.springframework.security.web.authentication.logout.LogoutFilter@2bf0c70d, org.springframework.security.web.authentication.www.BasicAuthenticationFilter@1f293cb7, org.springframework.security.web.savedrequest.RequestCacheAwareFilter@1ab28416, org.springframework.security.web.servletapi.SecurityContextHolderAwareRequestFilter@1fcc3461, org.springframework.security.web.authentication.AnonymousAuthenticationFilter@7e1fb22c, org.springframework.security.web.session.SessionManagementFilter@2db3675a, org.springframework.security.web.access.ExceptionTranslationFilter@4738131e, org.springframework.security.web.access.intercept.FilterSecurityInterceptor@2a5d2041]
2019-01-03 16:45:26.184 [main] INFO  o.s.jmx.export.annotation.AnnotationMBeanExporter - Registering beans for JMX exposure on startup
2019-01-03 16:45:26.189 [main] INFO  o.s.jmx.export.annotation.AnnotationMBeanExporter - Bean with name 'statFilter' has been autodetected for JMX exposure
2019-01-03 16:45:26.189 [main] INFO  o.s.jmx.export.annotation.AnnotationMBeanExporter - Bean with name 'druidDataSource' has been autodetected for JMX exposure
2019-01-03 16:45:26.197 [main] INFO  o.s.jmx.export.annotation.AnnotationMBeanExporter - Located MBean 'statFilter': registering with JMX server as MBean [com.alibaba.druid.filter.stat:name=statFilter,type=StatFilter]
2019-01-03 16:45:26.198 [main] INFO  o.s.jmx.export.annotation.AnnotationMBeanExporter - Located MBean 'druidDataSource': registering with JMX server as MBean [com.alibaba.druid.pool:name=druidDataSource,type=DruidDataSource]
2019-01-03 16:45:26.216 [main] INFO  org.apache.coyote.http11.Http11NioProtocol - Starting ProtocolHandler ["http-nio-8080"]
2019-01-03 16:45:26.231 [main] INFO  org.apache.tomcat.util.net.NioSelectorPool - Using a shared selector for servlet write/read
2019-01-03 16:45:26.251 [main] INFO  o.s.b.c.e.tomcat.TomcatEmbeddedServletContainer - Tomcat started on port(s): 8080 (http)
2019-01-03 16:45:26.267 [main] INFO  com.molice.springbootactiviti.DemoApplication - Started DemoApplication in 8.002 seconds (JVM running for 10.46)
2019-01-03 16:45:36.436 [http-nio-8080-exec-1] INFO  o.a.c.core.ContainerBase.[Tomcat].[localhost].[/] - Initializing Spring FrameworkServlet 'dispatcherServlet'
2019-01-03 16:45:36.436 [http-nio-8080-exec-1] INFO  org.springframework.web.servlet.DispatcherServlet - FrameworkServlet 'dispatcherServlet': initialization started
2019-01-03 16:45:36.481 [http-nio-8080-exec-1] INFO  org.springframework.web.servlet.DispatcherServlet - FrameworkServlet 'dispatcherServlet': initialization completed in 44 ms
2019-01-03 16:48:24.114 [main] INFO  com.molice.springbootactiviti.DemoApplication - Starting DemoApplication on molice with PID 9432 (F:\project_code\springboot-activiti\target\classes started by Administrator in F:\project_code\springboot-activiti)
2019-01-03 16:48:24.117 [main] INFO  com.molice.springbootactiviti.DemoApplication - No active profile set, falling back to default profiles: default
2019-01-03 16:48:24.184 [main] INFO  o.s.b.c.e.AnnotationConfigEmbeddedWebApplicationContext - Refreshing org.springframework.boot.context.embedded.AnnotationConfigEmbeddedWebApplicationContext@5cdd09b1: startup date [Thu Jan 03 16:48:24 CST 2019]; root of context hierarchy
2019-01-03 16:48:24.373 [background-preinit] INFO  org.hibernate.validator.internal.util.Version - HV000001: Hibernate Validator 5.3.6.Final
2019-01-03 16:48:24.958 [main] INFO  o.s.b.factory.support.DefaultListableBeanFactory - Overriding bean definition for bean 'statFilter' with a different definition: replacing [Root bean: class [null]; scope=; abstract=false; lazyInit=false; autowireMode=3; dependencyCheck=0; autowireCandidate=true; primary=false; factoryBeanName=druidConfiguration; factoryMethodName=statFilter; initMethodName=null; destroyMethodName=(inferred); defined in class path resource [com/molice/springbootactiviti/config/DruidConfiguration.class]] with [Root bean: class [null]; scope=; abstract=false; lazyInit=false; autowireMode=3; dependencyCheck=0; autowireCandidate=true; primary=false; factoryBeanName=com.alibaba.druid.spring.boot.autoconfigure.stat.DruidFilterConfiguration; factoryMethodName=statFilter; initMethodName=null; destroyMethodName=(inferred); defined in class path resource [com/alibaba/druid/spring/boot/autoconfigure/stat/DruidFilterConfiguration.class]]
2019-01-03 16:48:25.977 [main] INFO  o.s.b.c.e.tomcat.TomcatEmbeddedServletContainer - Tomcat initialized with port(s): 8080 (http)
2019-01-03 16:48:25.995 [main] INFO  org.apache.coyote.http11.Http11NioProtocol - Initializing ProtocolHandler ["http-nio-8080"]
2019-01-03 16:48:26.009 [main] INFO  org.apache.catalina.core.StandardService - Starting service [Tomcat]
2019-01-03 16:48:26.009 [main] INFO  org.apache.catalina.core.StandardEngine - Starting Servlet Engine: Apache Tomcat/8.5.31
2019-01-03 16:48:26.137 [localhost-startStop-1] INFO  o.a.c.core.ContainerBase.[Tomcat].[localhost].[/] - Initializing Spring embedded WebApplicationContext
2019-01-03 16:48:26.138 [localhost-startStop-1] INFO  org.springframework.web.context.ContextLoader - Root WebApplicationContext: initialization completed in 1955 ms
2019-01-03 16:48:26.522 [localhost-startStop-1] INFO  o.s.boot.web.servlet.FilterRegistrationBean - Mapping filter: 'characterEncodingFilter' to: [/*]
2019-01-03 16:48:26.523 [localhost-startStop-1] INFO  o.s.boot.web.servlet.FilterRegistrationBean - Mapping filter: 'hiddenHttpMethodFilter' to: [/*]
2019-01-03 16:48:26.524 [localhost-startStop-1] INFO  o.s.boot.web.servlet.FilterRegistrationBean - Mapping filter: 'httpPutFormContentFilter' to: [/*]
2019-01-03 16:48:26.524 [localhost-startStop-1] INFO  o.s.boot.web.servlet.FilterRegistrationBean - Mapping filter: 'requestContextFilter' to: [/*]
2019-01-03 16:48:26.525 [localhost-startStop-1] INFO  o.s.b.w.s.DelegatingFilterProxyRegistrationBean - Mapping filter: 'springSecurityFilterChain' to: [/*]
2019-01-03 16:48:26.526 [localhost-startStop-1] INFO  o.s.boot.web.servlet.FilterRegistrationBean - Mapping filter: 'webStatFilter' to urls: [/*]
2019-01-03 16:48:26.526 [localhost-startStop-1] INFO  o.s.boot.web.servlet.ServletRegistrationBean - Mapping servlet: 'statViewServlet' to [/druid/*]
2019-01-03 16:48:26.528 [localhost-startStop-1] INFO  o.s.boot.web.servlet.ServletRegistrationBean - Mapping servlet: 'dispatcherServlet' to [/]
2019-01-03 16:48:26.528 [localhost-startStop-1] INFO  o.s.boot.web.servlet.ServletRegistrationBean - Mapping servlet: 'statViewServlet' to [/druid/*]
2019-01-03 16:48:26.528 [localhost-startStop-1] INFO  o.s.boot.web.servlet.ServletRegistrationBean - Servlet statViewServlet was not registered (possibly already registered?)
2019-01-03 16:48:28.410 [main] INFO  com.alibaba.druid.pool.DruidDataSource - {dataSource-1} inited
2019-01-03 16:48:28.590 [main] INFO  org.activiti.engine.impl.ProcessEngineImpl - ProcessEngine default created
2019-01-03 16:48:29.338 [main] INFO  o.s.w.s.m.m.a.RequestMappingHandlerAdapter - Looking for @ControllerAdvice: org.springframework.boot.context.embedded.AnnotationConfigEmbeddedWebApplicationContext@5cdd09b1: startup date [Thu Jan 03 16:48:24 CST 2019]; root of context hierarchy
2019-01-03 16:48:29.418 [main] INFO  o.s.w.s.m.m.a.RequestMappingHandlerMapping - Mapped "{[/test],methods=[GET]}" onto public java.lang.Object com.molice.springbootactiviti.controller.TestController.test()
2019-01-03 16:48:29.423 [main] INFO  o.s.w.s.m.m.a.RequestMappingHandlerMapping - Mapped "{[/error]}" onto public org.springframework.http.ResponseEntity<java.util.Map<java.lang.String, java.lang.Object>> org.springframework.boot.autoconfigure.web.BasicErrorController.error(javax.servlet.http.HttpServletRequest)
2019-01-03 16:48:29.424 [main] INFO  o.s.w.s.m.m.a.RequestMappingHandlerMapping - Mapped "{[/error],produces=[text/html]}" onto public org.springframework.web.servlet.ModelAndView org.springframework.boot.autoconfigure.web.BasicErrorController.errorHtml(javax.servlet.http.HttpServletRequest,javax.servlet.http.HttpServletResponse)
2019-01-03 16:48:29.468 [main] INFO  o.s.web.servlet.handler.SimpleUrlHandlerMapping - Mapped URL path [/webjars/**] onto handler of type [class org.springframework.web.servlet.resource.ResourceHttpRequestHandler]
2019-01-03 16:48:29.469 [main] INFO  o.s.web.servlet.handler.SimpleUrlHandlerMapping - Mapped URL path [/**] onto handler of type [class org.springframework.web.servlet.resource.ResourceHttpRequestHandler]
2019-01-03 16:48:29.524 [main] INFO  o.s.web.servlet.handler.SimpleUrlHandlerMapping - Mapped URL path [/**/favicon.ico] onto handler of type [class org.springframework.web.servlet.resource.ResourceHttpRequestHandler]
2019-01-03 16:48:30.062 [main] INFO  o.s.security.web.DefaultSecurityFilterChain - Creating filter chain: OrRequestMatcher [requestMatchers=[Ant [pattern='/css/**'], Ant [pattern='/js/**'], Ant [pattern='/images/**'], Ant [pattern='/webjars/**'], Ant [pattern='/**/favicon.ico'], Ant [pattern='/error']]], []
2019-01-03 16:48:30.174 [main] INFO  o.s.security.web.DefaultSecurityFilterChain - Creating filter chain: org.springframework.boot.autoconfigure.security.SpringBootWebSecurityConfiguration$ApplicationNoWebSecurityConfigurerAdapter$1@31531d0d, [org.springframework.security.web.context.request.async.WebAsyncManagerIntegrationFilter@19d76106, org.springframework.security.web.context.SecurityContextPersistenceFilter@1be52113, org.springframework.security.web.header.HeaderWriterFilter@29ba63f0, org.springframework.security.web.csrf.CsrfFilter@3cacc87, org.springframework.security.web.authentication.logout.LogoutFilter@4d0b276e, org.springframework.security.web.savedrequest.RequestCacheAwareFilter@56a9a7b5, org.springframework.security.web.servletapi.SecurityContextHolderAwareRequestFilter@23954300, org.springframework.security.web.authentication.AnonymousAuthenticationFilter@3f87780b, org.springframework.security.web.session.SessionManagementFilter@6d4c18b8, org.springframework.security.web.access.ExceptionTranslationFilter@25e796fe]
2019-01-03 16:48:30.573 [main] INFO  o.s.jmx.export.annotation.AnnotationMBeanExporter - Registering beans for JMX exposure on startup
2019-01-03 16:48:30.574 [main] INFO  o.s.jmx.export.annotation.AnnotationMBeanExporter - Bean with name 'statFilter' has been autodetected for JMX exposure
2019-01-03 16:48:30.574 [main] INFO  o.s.jmx.export.annotation.AnnotationMBeanExporter - Bean with name 'druidDataSource' has been autodetected for JMX exposure
2019-01-03 16:48:30.584 [main] INFO  o.s.jmx.export.annotation.AnnotationMBeanExporter - Located MBean 'statFilter': registering with JMX server as MBean [com.alibaba.druid.filter.stat:name=statFilter,type=StatFilter]
2019-01-03 16:48:30.585 [main] INFO  o.s.jmx.export.annotation.AnnotationMBeanExporter - Located MBean 'druidDataSource': registering with JMX server as MBean [com.alibaba.druid.pool:name=druidDataSource,type=DruidDataSource]
2019-01-03 16:48:30.597 [main] INFO  org.apache.coyote.http11.Http11NioProtocol - Starting ProtocolHandler ["http-nio-8080"]
2019-01-03 16:48:30.613 [main] INFO  org.apache.tomcat.util.net.NioSelectorPool - Using a shared selector for servlet write/read
2019-01-03 16:48:30.632 [main] INFO  o.s.b.c.e.tomcat.TomcatEmbeddedServletContainer - Tomcat started on port(s): 8080 (http)
2019-01-03 16:48:30.638 [main] INFO  com.molice.springbootactiviti.DemoApplication - Started DemoApplication in 7.408 seconds (JVM running for 9.443)
2019-01-03 16:48:36.968 [http-nio-8080-exec-1] INFO  o.a.c.core.ContainerBase.[Tomcat].[localhost].[/] - Initializing Spring FrameworkServlet 'dispatcherServlet'
2019-01-03 16:48:36.968 [http-nio-8080-exec-1] INFO  org.springframework.web.servlet.DispatcherServlet - FrameworkServlet 'dispatcherServlet': initialization started
2019-01-03 16:48:37.001 [http-nio-8080-exec-1] INFO  org.springframework.web.servlet.DispatcherServlet - FrameworkServlet 'dispatcherServlet': initialization completed in 33 ms
2019-01-03 16:49:11.926 [main] INFO  com.molice.springbootactiviti.DemoApplication - Starting DemoApplication on molice with PID 11668 (F:\project_code\springboot-activiti\target\classes started by Administrator in F:\project_code\springboot-activiti)
2019-01-03 16:49:11.933 [main] INFO  com.molice.springbootactiviti.DemoApplication - No active profile set, falling back to default profiles: default
2019-01-03 16:49:12.052 [main] INFO  o.s.b.c.e.AnnotationConfigEmbeddedWebApplicationContext - Refreshing org.springframework.boot.context.embedded.AnnotationConfigEmbeddedWebApplicationContext@5cdd09b1: startup date [Thu Jan 03 16:49:12 CST 2019]; root of context hierarchy
2019-01-03 16:49:12.222 [background-preinit] INFO  org.hibernate.validator.internal.util.Version - HV000001: Hibernate Validator 5.3.6.Final
2019-01-03 16:49:12.858 [main] INFO  o.s.b.factory.support.DefaultListableBeanFactory - Overriding bean definition for bean 'statFilter' with a different definition: replacing [Root bean: class [null]; scope=; abstract=false; lazyInit=false; autowireMode=3; dependencyCheck=0; autowireCandidate=true; primary=false; factoryBeanName=druidConfiguration; factoryMethodName=statFilter; initMethodName=null; destroyMethodName=(inferred); defined in class path resource [com/molice/springbootactiviti/config/DruidConfiguration.class]] with [Root bean: class [null]; scope=; abstract=false; lazyInit=false; autowireMode=3; dependencyCheck=0; autowireCandidate=true; primary=false; factoryBeanName=com.alibaba.druid.spring.boot.autoconfigure.stat.DruidFilterConfiguration; factoryMethodName=statFilter; initMethodName=null; destroyMethodName=(inferred); defined in class path resource [com/alibaba/druid/spring/boot/autoconfigure/stat/DruidFilterConfiguration.class]]
2019-01-03 16:49:13.912 [main] INFO  o.s.b.c.e.tomcat.TomcatEmbeddedServletContainer - Tomcat initialized with port(s): 8080 (http)
2019-01-03 16:49:13.929 [main] INFO  org.apache.coyote.http11.Http11NioProtocol - Initializing ProtocolHandler ["http-nio-8080"]
2019-01-03 16:49:13.946 [main] INFO  org.apache.catalina.core.StandardService - Starting service [Tomcat]
2019-01-03 16:49:13.947 [main] INFO  org.apache.catalina.core.StandardEngine - Starting Servlet Engine: Apache Tomcat/8.5.31
2019-01-03 16:49:14.093 [localhost-startStop-1] INFO  o.a.c.core.ContainerBase.[Tomcat].[localhost].[/] - Initializing Spring embedded WebApplicationContext
2019-01-03 16:49:14.093 [localhost-startStop-1] INFO  org.springframework.web.context.ContextLoader - Root WebApplicationContext: initialization completed in 2042 ms
2019-01-03 16:49:14.539 [localhost-startStop-1] INFO  o.s.boot.web.servlet.FilterRegistrationBean - Mapping filter: 'characterEncodingFilter' to: [/*]
2019-01-03 16:49:14.540 [localhost-startStop-1] INFO  o.s.boot.web.servlet.FilterRegistrationBean - Mapping filter: 'hiddenHttpMethodFilter' to: [/*]
2019-01-03 16:49:14.540 [localhost-startStop-1] INFO  o.s.boot.web.servlet.FilterRegistrationBean - Mapping filter: 'httpPutFormContentFilter' to: [/*]
2019-01-03 16:49:14.540 [localhost-startStop-1] INFO  o.s.boot.web.servlet.FilterRegistrationBean - Mapping filter: 'requestContextFilter' to: [/*]
2019-01-03 16:49:14.542 [localhost-startStop-1] INFO  o.s.b.w.s.DelegatingFilterProxyRegistrationBean - Mapping filter: 'springSecurityFilterChain' to: [/*]
2019-01-03 16:49:14.543 [localhost-startStop-1] INFO  o.s.boot.web.servlet.FilterRegistrationBean - Mapping filter: 'webStatFilter' to urls: [/*]
2019-01-03 16:49:14.544 [localhost-startStop-1] INFO  o.s.boot.web.servlet.ServletRegistrationBean - Mapping servlet: 'statViewServlet' to [/druid/*]
2019-01-03 16:49:14.546 [localhost-startStop-1] INFO  o.s.boot.web.servlet.ServletRegistrationBean - Mapping servlet: 'dispatcherServlet' to [/]
2019-01-03 16:49:14.546 [localhost-startStop-1] INFO  o.s.boot.web.servlet.ServletRegistrationBean - Mapping servlet: 'statViewServlet' to [/druid/*]
2019-01-03 16:49:14.546 [localhost-startStop-1] INFO  o.s.boot.web.servlet.ServletRegistrationBean - Servlet statViewServlet was not registered (possibly already registered?)
2019-01-03 16:49:16.749 [main] INFO  com.alibaba.druid.pool.DruidDataSource - {dataSource-1} inited
2019-01-03 16:49:16.762 [main] INFO  org.activiti.engine.impl.db.DbSqlSession - performing create on engine with resource org/activiti/db/create/activiti.mysql.create.engine.sql
2019-01-03 16:49:16.762 [main] INFO  org.activiti.engine.impl.db.DbSqlSession - Found MySQL: majorVersion=8 minorVersion=0
2019-01-03 16:49:43.872 [main] INFO  org.activiti.engine.impl.db.DbSqlSession - performing create on history with resource org/activiti/db/create/activiti.mysql.create.history.sql
2019-01-03 16:49:43.872 [main] INFO  org.activiti.engine.impl.db.DbSqlSession - Found MySQL: majorVersion=8 minorVersion=0
2019-01-03 16:49:51.907 [main] INFO  org.activiti.engine.impl.db.DbSqlSession - performing create on identity with resource org/activiti/db/create/activiti.mysql.create.identity.sql
2019-01-03 16:49:51.907 [main] INFO  org.activiti.engine.impl.db.DbSqlSession - Found MySQL: majorVersion=8 minorVersion=0
2019-01-03 16:49:54.981 [main] INFO  org.activiti.engine.impl.ProcessEngineImpl - ProcessEngine default created
2019-01-03 16:49:55.775 [main] INFO  o.s.w.s.m.m.a.RequestMappingHandlerAdapter - Looking for @ControllerAdvice: org.springframework.boot.context.embedded.AnnotationConfigEmbeddedWebApplicationContext@5cdd09b1: startup date [Thu Jan 03 16:49:12 CST 2019]; root of context hierarchy
2019-01-03 16:49:55.881 [main] INFO  o.s.w.s.m.m.a.RequestMappingHandlerMapping - Mapped "{[/test],methods=[GET]}" onto public java.lang.Object com.molice.springbootactiviti.controller.TestController.test()
2019-01-03 16:49:55.888 [main] INFO  o.s.w.s.m.m.a.RequestMappingHandlerMapping - Mapped "{[/error]}" onto public org.springframework.http.ResponseEntity<java.util.Map<java.lang.String, java.lang.Object>> org.springframework.boot.autoconfigure.web.BasicErrorController.error(javax.servlet.http.HttpServletRequest)
2019-01-03 16:49:55.889 [main] INFO  o.s.w.s.m.m.a.RequestMappingHandlerMapping - Mapped "{[/error],produces=[text/html]}" onto public org.springframework.web.servlet.ModelAndView org.springframework.boot.autoconfigure.web.BasicErrorController.errorHtml(javax.servlet.http.HttpServletRequest,javax.servlet.http.HttpServletResponse)
2019-01-03 16:49:55.930 [main] INFO  o.s.web.servlet.handler.SimpleUrlHandlerMapping - Mapped URL path [/webjars/**] onto handler of type [class org.springframework.web.servlet.resource.ResourceHttpRequestHandler]
2019-01-03 16:49:55.931 [main] INFO  o.s.web.servlet.handler.SimpleUrlHandlerMapping - Mapped URL path [/**] onto handler of type [class org.springframework.web.servlet.resource.ResourceHttpRequestHandler]
2019-01-03 16:49:55.988 [main] INFO  o.s.web.servlet.handler.SimpleUrlHandlerMapping - Mapped URL path [/**/favicon.ico] onto handler of type [class org.springframework.web.servlet.resource.ResourceHttpRequestHandler]
2019-01-03 16:49:56.410 [main] INFO  o.s.security.web.DefaultSecurityFilterChain - Creating filter chain: OrRequestMatcher [requestMatchers=[Ant [pattern='/css/**'], Ant [pattern='/js/**'], Ant [pattern='/images/**'], Ant [pattern='/webjars/**'], Ant [pattern='/**/favicon.ico'], Ant [pattern='/error']]], []
2019-01-03 16:49:56.503 [main] INFO  o.s.security.web.DefaultSecurityFilterChain - Creating filter chain: org.springframework.boot.autoconfigure.security.SpringBootWebSecurityConfiguration$ApplicationNoWebSecurityConfigurerAdapter$1@52efb338, [org.springframework.security.web.context.request.async.WebAsyncManagerIntegrationFilter@64508788, org.springframework.security.web.context.SecurityContextPersistenceFilter@6bc62bb9, org.springframework.security.web.header.HeaderWriterFilter@5ad50b02, org.springframework.security.web.csrf.CsrfFilter@16a499d1, org.springframework.security.web.authentication.logout.LogoutFilter@1ab28416, org.springframework.security.web.savedrequest.RequestCacheAwareFilter@28db2afb, org.springframework.security.web.servletapi.SecurityContextHolderAwareRequestFilter@705d914f, org.springframework.security.web.authentication.AnonymousAuthenticationFilter@30b1c5d5, org.springframework.security.web.session.SessionManagementFilter@55b74e6b, org.springframework.security.web.access.ExceptionTranslationFilter@74450c9b]
2019-01-03 16:49:56.900 [main] INFO  o.s.jmx.export.annotation.AnnotationMBeanExporter - Registering beans for JMX exposure on startup
2019-01-03 16:49:56.902 [main] INFO  o.s.jmx.export.annotation.AnnotationMBeanExporter - Bean with name 'statFilter' has been autodetected for JMX exposure
2019-01-03 16:49:56.902 [main] INFO  o.s.jmx.export.annotation.AnnotationMBeanExporter - Bean with name 'druidDataSource' has been autodetected for JMX exposure
2019-01-03 16:49:56.912 [main] INFO  o.s.jmx.export.annotation.AnnotationMBeanExporter - Located MBean 'statFilter': registering with JMX server as MBean [com.alibaba.druid.filter.stat:name=statFilter,type=StatFilter]
2019-01-03 16:49:56.913 [main] INFO  o.s.jmx.export.annotation.AnnotationMBeanExporter - Located MBean 'druidDataSource': registering with JMX server as MBean [com.alibaba.druid.pool:name=druidDataSource,type=DruidDataSource]
2019-01-03 16:49:56.927 [main] INFO  org.apache.coyote.http11.Http11NioProtocol - Starting ProtocolHandler ["http-nio-8080"]
2019-01-03 16:49:56.943 [main] INFO  org.apache.tomcat.util.net.NioSelectorPool - Using a shared selector for servlet write/read
2019-01-03 16:49:56.965 [main] INFO  o.s.b.c.e.tomcat.TomcatEmbeddedServletContainer - Tomcat started on port(s): 8080 (http)
2019-01-03 16:49:56.971 [main] INFO  com.molice.springbootactiviti.DemoApplication - Started DemoApplication in 46.094 seconds (JVM running for 47.724)
